<?xml version="1.0" encoding="UTF-8"?>
<testsuite xmlns:xsi="http://www.w3.org/2001/XMLSchema-instance" xsi:noNamespaceSchemaLocation="https://maven.apache.org/surefire/maven-surefire-plugin/xsd/surefire-test-report.xsd" version="3.0.1" name="com.exercice.ExoSauceDemo" time="6.34" tests="7" errors="0" skipped="0" failures="0">
  <properties>
[...]
</properties>
  <testcase name="T001_Login" classname="com.exercice.ExoSauceDemo" time="0.907"/>
  <testcase name="T002_FiltreAvec_Prix" classname="com.exercice.ExoSauceDemo" time="0.377"/>
  <testcase name="T003_ajouter_un_article_aupanier" classname="com.exercice.ExoSauceDemo" time="0.139"/>
  <testcase name="T004_Verification_DuPanier" classname="com.exercice.ExoSauceDemo" time="0.244"/>
  <testcase name="T005_checkout" classname="com.exercice.ExoSauceDemo" time="0.806"/>
  <testcase name="T006_confirmation_informations" classname="com.exercice.ExoSauceDemo" time="0.213"/>
  <testcase name="T007_ConfirmationPaiement" classname="com.exercice.ExoSauceDemo" time="0.044"/>
</testsuite>